2025-07-14 16:33:10,066:WARNING:
'cuml' is a soft dependency and not included in the pycaret installation. Please run: `pip install cuml` to install.
2025-07-14 16:33:10,066:WARNING:
'cuml' is a soft dependency and not included in the pycaret installation. Please run: `pip install cuml` to install.
2025-07-14 16:33:10,066:WARNING:
'cuml' is a soft dependency and not included in the pycaret installation. Please run: `pip install cuml` to install.
2025-07-14 16:33:10,066:WARNING:
'cuml' is a soft dependency and not included in the pycaret installation. Please run: `pip install cuml` to install.
2025-07-14 16:33:11,215:INFO:Initializing load_model()
2025-07-14 16:33:11,215:INFO:load_model(model_name=welcome_survey_clustering_pipeline_v1, platform=None, authentication=None, verbose=True)
2025-07-14 16:33:11,310:WARNING:C:\Users\jacek\miniconda3\envs\notatki_audio\Lib\site-packages\pycaret\internal\pipeline.py:148: UserWarning: Version mismatch:
current: {'deps_info': {'pip': '25.1', 'setuptools': '72.1.0', 'pycaret': '3.3.2', 'IPython': '9.1.0', 'ipywidgets': '8.1.5', 'tqdm': '4.67.1', 'numpy': '1.26.4', 'pandas': '2.1.4', 'jinja2': '3.1.6', 'scipy': '1.11.4', 'joblib': '1.2.0', 'sklearn': '1.4.2', 'pyod': '1.1.3', 'imblearn': '0.13.0', 'category_encoders': '2.6.3', 'lightgbm': '4.6.0', 'numba': '0.61.2', 'requests': '2.32.4', 'matplotlib': '3.10.0', 'scikitplot': '0.3.7', 'yellowbrick': '1.5', 'plotly': '5.24.1', 'plotly-resampler': 'Not installed', 'kaleido': '0.2.1', 'schemdraw': '0.15', 'statsmodels': '0.14.4', 'sktime': '0.26.0', 'tbats': '1.1.3', 'pmdarima': '2.0.4', 'psutil': '5.9.0', 'markupsafe': '3.0.2', 'pickle5': 'Not installed', 'cloudpickle': '3.1.1', 'deprecation': '2.1.0', 'xxhash': '3.5.0', 'wurlitzer': '3.1.1'}, 'python': {'version': '3.11.13', 'machine': 'AMD64'}}
pickle: {'deps_info': {'pip': '24.0', 'setuptools': '70.3.0', 'pycaret': '3.3.1', 'IPython': '8.26.0', 'ipywidgets': '8.1.3', 'tqdm': '4.66.5', 'numpy': '1.26.4', 'pandas': '1.5.3', 'jinja2': '3.1.4', 'scipy': '1.11.4', 'joblib': '1.3.2', 'sklearn': '1.4.2', 'pyod': '2.0.1', 'imblearn': '0.12.3', 'category_encoders': '2.6.3', 'lightgbm': '4.5.0', 'numba': '0.60.0', 'requests': '2.32.3', 'matplotlib': '3.8.4', 'scikitplot': '0.3.7', 'yellowbrick': '1.5', 'plotly': '5.23.0', 'plotly-resampler': 'Not installed', 'kaleido': '0.2.1', 'schemdraw': '0.15', 'statsmodels': '0.14.2', 'sktime': '0.26.0', 'tbats': '1.1.3', 'pmdarima': '2.0.4', 'psutil': '6.0.0', 'markupsafe': '2.1.5', 'pickle5': 'Not installed', 'cloudpickle': '3.0.0', 'deprecation': '2.1.0', 'xxhash': '3.4.1', 'wurlitzer': '3.1.1'}, 'python': {'version': '3.11.9', 'machine': 'arm64'}}
  warnings.warn(

2025-07-14 16:33:11,358:INFO:Initializing predict_model()
2025-07-14 16:33:11,359:INFO:predict_model(self=<pycaret.clustering.oop.ClusteringExperiment object at 0x000001FCEE4B7F10>, estimator=Pipeline(memory=Memory(location=None),
         steps=[('numerical_imputer',
                 TransformerWrapper(include=[], transformer=SimpleImputer())),
                ('categorical_imputer',
                 TransformerWrapper(include=['age', 'edu_level', 'fav_animals',
                                             'fav_place', 'gender'],
                                    transformer=SimpleImputer(strategy='most_frequent'))),
                ('ordinal_encoding',
                 TransformerWrapper(include=['gender'],
                                    transfo...
                                                               mapping=[{'col': 'gender',
                                                                         'data_type': dtype('O'),
                                                                         'mapping': Kobieta      0
Mężczyzna    1
NaN         -1
dtype: int64}]))),
                ('onehot_encoding',
                 TransformerWrapper(include=['age', 'edu_level', 'fav_animals',
                                             'fav_place'],
                                    transformer=OneHotEncoder(cols=['age',
                                                                    'edu_level',
                                                                    'fav_animals',
                                                                    'fav_place'],
                                                              handle_missing='return_nan',
                                                              use_cat_names=True))),
                ('trained_model', KMeans(random_state=123))]), ml_usecase=None)
2025-07-14 16:33:11,359:INFO:Set up data.
2025-07-14 16:33:11,609:INFO:Initializing predict_model()
2025-07-14 16:33:11,609:INFO:predict_model(self=<pycaret.clustering.oop.ClusteringExperiment object at 0x000001FCE57C7010>, estimator=Pipeline(memory=Memory(location=None),
         steps=[('numerical_imputer',
                 TransformerWrapper(include=[], transformer=SimpleImputer())),
                ('categorical_imputer',
                 TransformerWrapper(include=['age', 'edu_level', 'fav_animals',
                                             'fav_place', 'gender'],
                                    transformer=SimpleImputer(strategy='most_frequent'))),
                ('ordinal_encoding',
                 TransformerWrapper(include=['gender'],
                                    transfo...
                                                               mapping=[{'col': 'gender',
                                                                         'data_type': dtype('O'),
                                                                         'mapping': Kobieta      0
Mężczyzna    1
NaN         -1
dtype: int64}]))),
                ('onehot_encoding',
                 TransformerWrapper(include=['age', 'edu_level', 'fav_animals',
                                             'fav_place'],
                                    transformer=OneHotEncoder(cols=['age',
                                                                    'edu_level',
                                                                    'fav_animals',
                                                                    'fav_place'],
                                                              handle_missing='return_nan',
                                                              use_cat_names=True))),
                ('trained_model', KMeans(random_state=123))]), ml_usecase=None)
2025-07-14 16:33:11,609:INFO:Set up data.
2025-07-14 16:33:43,834:INFO:Initializing predict_model()
2025-07-14 16:33:43,834:INFO:predict_model(self=<pycaret.clustering.oop.ClusteringExperiment object at 0x000001FCE7CA4F10>, estimator=Pipeline(memory=Memory(location=None),
         steps=[('numerical_imputer',
                 TransformerWrapper(include=[], transformer=SimpleImputer())),
                ('categorical_imputer',
                 TransformerWrapper(include=['age', 'edu_level', 'fav_animals',
                                             'fav_place', 'gender'],
                                    transformer=SimpleImputer(strategy='most_frequent'))),
                ('ordinal_encoding',
                 TransformerWrapper(include=['gender'],
                                    transfo...
                                                               mapping=[{'col': 'gender',
                                                                         'data_type': dtype('O'),
                                                                         'mapping': Kobieta      0
Mężczyzna    1
NaN         -1
dtype: int64}]))),
                ('onehot_encoding',
                 TransformerWrapper(include=['age', 'edu_level', 'fav_animals',
                                             'fav_place'],
                                    transformer=OneHotEncoder(cols=['age',
                                                                    'edu_level',
                                                                    'fav_animals',
                                                                    'fav_place'],
                                                              handle_missing='return_nan',
                                                              use_cat_names=True))),
                ('trained_model', KMeans(random_state=123))]), ml_usecase=None)
2025-07-14 16:33:43,834:INFO:Set up data.
2025-07-14 16:33:46,474:INFO:Initializing predict_model()
2025-07-14 16:33:46,474:INFO:predict_model(self=<pycaret.clustering.oop.ClusteringExperiment object at 0x000001FCEF03E9D0>, estimator=Pipeline(memory=Memory(location=None),
         steps=[('numerical_imputer',
                 TransformerWrapper(include=[], transformer=SimpleImputer())),
                ('categorical_imputer',
                 TransformerWrapper(include=['age', 'edu_level', 'fav_animals',
                                             'fav_place', 'gender'],
                                    transformer=SimpleImputer(strategy='most_frequent'))),
                ('ordinal_encoding',
                 TransformerWrapper(include=['gender'],
                                    transfo...
                                                               mapping=[{'col': 'gender',
                                                                         'data_type': dtype('O'),
                                                                         'mapping': Kobieta      0
Mężczyzna    1
NaN         -1
dtype: int64}]))),
                ('onehot_encoding',
                 TransformerWrapper(include=['age', 'edu_level', 'fav_animals',
                                             'fav_place'],
                                    transformer=OneHotEncoder(cols=['age',
                                                                    'edu_level',
                                                                    'fav_animals',
                                                                    'fav_place'],
                                                              handle_missing='return_nan',
                                                              use_cat_names=True))),
                ('trained_model', KMeans(random_state=123))]), ml_usecase=None)
2025-07-14 16:33:46,474:INFO:Set up data.
2025-07-14 16:33:49,725:INFO:Initializing predict_model()
2025-07-14 16:33:49,725:INFO:predict_model(self=<pycaret.clustering.oop.ClusteringExperiment object at 0x000001FCEF03E650>, estimator=Pipeline(memory=Memory(location=None),
         steps=[('numerical_imputer',
                 TransformerWrapper(include=[], transformer=SimpleImputer())),
                ('categorical_imputer',
                 TransformerWrapper(include=['age', 'edu_level', 'fav_animals',
                                             'fav_place', 'gender'],
                                    transformer=SimpleImputer(strategy='most_frequent'))),
                ('ordinal_encoding',
                 TransformerWrapper(include=['gender'],
                                    transfo...
                                                               mapping=[{'col': 'gender',
                                                                         'data_type': dtype('O'),
                                                                         'mapping': Kobieta      0
Mężczyzna    1
NaN         -1
dtype: int64}]))),
                ('onehot_encoding',
                 TransformerWrapper(include=['age', 'edu_level', 'fav_animals',
                                             'fav_place'],
                                    transformer=OneHotEncoder(cols=['age',
                                                                    'edu_level',
                                                                    'fav_animals',
                                                                    'fav_place'],
                                                              handle_missing='return_nan',
                                                              use_cat_names=True))),
                ('trained_model', KMeans(random_state=123))]), ml_usecase=None)
2025-07-14 16:33:49,725:INFO:Set up data.
2025-07-14 16:33:52,867:INFO:Initializing predict_model()
2025-07-14 16:33:52,868:INFO:predict_model(self=<pycaret.clustering.oop.ClusteringExperiment object at 0x000001FCE4E6DE90>, estimator=Pipeline(memory=Memory(location=None),
         steps=[('numerical_imputer',
                 TransformerWrapper(include=[], transformer=SimpleImputer())),
                ('categorical_imputer',
                 TransformerWrapper(include=['age', 'edu_level', 'fav_animals',
                                             'fav_place', 'gender'],
                                    transformer=SimpleImputer(strategy='most_frequent'))),
                ('ordinal_encoding',
                 TransformerWrapper(include=['gender'],
                                    transfo...
                                                               mapping=[{'col': 'gender',
                                                                         'data_type': dtype('O'),
                                                                         'mapping': Kobieta      0
Mężczyzna    1
NaN         -1
dtype: int64}]))),
                ('onehot_encoding',
                 TransformerWrapper(include=['age', 'edu_level', 'fav_animals',
                                             'fav_place'],
                                    transformer=OneHotEncoder(cols=['age',
                                                                    'edu_level',
                                                                    'fav_animals',
                                                                    'fav_place'],
                                                              handle_missing='return_nan',
                                                              use_cat_names=True))),
                ('trained_model', KMeans(random_state=123))]), ml_usecase=None)
2025-07-14 16:33:52,868:INFO:Set up data.
2025-07-14 16:40:09,468:WARNING:
'cuml' is a soft dependency and not included in the pycaret installation. Please run: `pip install cuml` to install.
2025-07-14 16:40:09,468:WARNING:
'cuml' is a soft dependency and not included in the pycaret installation. Please run: `pip install cuml` to install.
2025-07-14 16:40:09,468:WARNING:
'cuml' is a soft dependency and not included in the pycaret installation. Please run: `pip install cuml` to install.
2025-07-14 16:40:09,468:WARNING:
'cuml' is a soft dependency and not included in the pycaret installation. Please run: `pip install cuml` to install.
2025-07-14 16:40:20,965:INFO:Initializing load_model()
2025-07-14 16:40:20,965:INFO:load_model(model_name=welcome_survey_clustering_pipeline_v1, platform=None, authentication=None, verbose=True)
2025-07-14 16:40:21,104:WARNING:C:\Users\jacek\miniconda3\envs\notatki_audio\Lib\site-packages\pycaret\internal\pipeline.py:148: UserWarning: Version mismatch:
current: {'deps_info': {'pip': '25.1', 'setuptools': '72.1.0', 'pycaret': '3.3.2', 'IPython': '9.1.0', 'ipywidgets': '8.1.5', 'tqdm': '4.67.1', 'numpy': '1.26.4', 'pandas': '2.1.4', 'jinja2': '3.1.6', 'scipy': '1.11.4', 'joblib': '1.2.0', 'sklearn': '1.4.2', 'pyod': '1.1.3', 'imblearn': '0.13.0', 'category_encoders': '2.6.3', 'lightgbm': '4.6.0', 'numba': '0.61.2', 'requests': '2.32.4', 'matplotlib': '3.10.0', 'scikitplot': '0.3.7', 'yellowbrick': '1.5', 'plotly': '5.24.1', 'plotly-resampler': 'Not installed', 'kaleido': '0.2.1', 'schemdraw': '0.15', 'statsmodels': '0.14.4', 'sktime': '0.26.0', 'tbats': '1.1.3', 'pmdarima': '2.0.4', 'psutil': '5.9.0', 'markupsafe': '3.0.2', 'pickle5': 'Not installed', 'cloudpickle': '3.1.1', 'deprecation': '2.1.0', 'xxhash': '3.5.0', 'wurlitzer': '3.1.1'}, 'python': {'version': '3.11.13', 'machine': 'AMD64'}}
pickle: {'deps_info': {'pip': '24.0', 'setuptools': '70.3.0', 'pycaret': '3.3.1', 'IPython': '8.26.0', 'ipywidgets': '8.1.3', 'tqdm': '4.66.5', 'numpy': '1.26.4', 'pandas': '1.5.3', 'jinja2': '3.1.4', 'scipy': '1.11.4', 'joblib': '1.3.2', 'sklearn': '1.4.2', 'pyod': '2.0.1', 'imblearn': '0.12.3', 'category_encoders': '2.6.3', 'lightgbm': '4.5.0', 'numba': '0.60.0', 'requests': '2.32.3', 'matplotlib': '3.8.4', 'scikitplot': '0.3.7', 'yellowbrick': '1.5', 'plotly': '5.23.0', 'plotly-resampler': 'Not installed', 'kaleido': '0.2.1', 'schemdraw': '0.15', 'statsmodels': '0.14.2', 'sktime': '0.26.0', 'tbats': '1.1.3', 'pmdarima': '2.0.4', 'psutil': '6.0.0', 'markupsafe': '2.1.5', 'pickle5': 'Not installed', 'cloudpickle': '3.0.0', 'deprecation': '2.1.0', 'xxhash': '3.4.1', 'wurlitzer': '3.1.1'}, 'python': {'version': '3.11.9', 'machine': 'arm64'}}
  warnings.warn(

2025-07-14 16:40:21,173:INFO:Initializing predict_model()
2025-07-14 16:40:21,174:INFO:predict_model(self=<pycaret.clustering.oop.ClusteringExperiment object at 0x000001CEC5D65D90>, estimator=Pipeline(memory=Memory(location=None),
         steps=[('numerical_imputer',
                 TransformerWrapper(include=[], transformer=SimpleImputer())),
                ('categorical_imputer',
                 TransformerWrapper(include=['age', 'edu_level', 'fav_animals',
                                             'fav_place', 'gender'],
                                    transformer=SimpleImputer(strategy='most_frequent'))),
                ('ordinal_encoding',
                 TransformerWrapper(include=['gender'],
                                    transfo...
                                                               mapping=[{'col': 'gender',
                                                                         'data_type': dtype('O'),
                                                                         'mapping': Kobieta      0
Mężczyzna    1
NaN         -1
dtype: int64}]))),
                ('onehot_encoding',
                 TransformerWrapper(include=['age', 'edu_level', 'fav_animals',
                                             'fav_place'],
                                    transformer=OneHotEncoder(cols=['age',
                                                                    'edu_level',
                                                                    'fav_animals',
                                                                    'fav_place'],
                                                              handle_missing='return_nan',
                                                              use_cat_names=True))),
                ('trained_model', KMeans(random_state=123))]), ml_usecase=None)
2025-07-14 16:40:21,174:INFO:Set up data.
2025-07-14 16:40:21,434:INFO:Initializing predict_model()
2025-07-14 16:40:21,435:INFO:predict_model(self=<pycaret.clustering.oop.ClusteringExperiment object at 0x000001CEC5FA2290>, estimator=Pipeline(memory=Memory(location=None),
         steps=[('numerical_imputer',
                 TransformerWrapper(include=[], transformer=SimpleImputer())),
                ('categorical_imputer',
                 TransformerWrapper(include=['age', 'edu_level', 'fav_animals',
                                             'fav_place', 'gender'],
                                    transformer=SimpleImputer(strategy='most_frequent'))),
                ('ordinal_encoding',
                 TransformerWrapper(include=['gender'],
                                    transfo...
                                                               mapping=[{'col': 'gender',
                                                                         'data_type': dtype('O'),
                                                                         'mapping': Kobieta      0
Mężczyzna    1
NaN         -1
dtype: int64}]))),
                ('onehot_encoding',
                 TransformerWrapper(include=['age', 'edu_level', 'fav_animals',
                                             'fav_place'],
                                    transformer=OneHotEncoder(cols=['age',
                                                                    'edu_level',
                                                                    'fav_animals',
                                                                    'fav_place'],
                                                              handle_missing='return_nan',
                                                              use_cat_names=True))),
                ('trained_model', KMeans(random_state=123))]), ml_usecase=None)
2025-07-14 16:40:21,435:INFO:Set up data.
2025-07-14 16:56:01,602:INFO:Initializing predict_model()
2025-07-14 16:56:01,602:INFO:predict_model(self=<pycaret.clustering.oop.ClusteringExperiment object at 0x000001CEBC8D1E50>, estimator=Pipeline(memory=Memory(location=None),
         steps=[('numerical_imputer',
                 TransformerWrapper(include=[], transformer=SimpleImputer())),
                ('categorical_imputer',
                 TransformerWrapper(include=['age', 'edu_level', 'fav_animals',
                                             'fav_place', 'gender'],
                                    transformer=SimpleImputer(strategy='most_frequent'))),
                ('ordinal_encoding',
                 TransformerWrapper(include=['gender'],
                                    transfo...
                                                               mapping=[{'col': 'gender',
                                                                         'data_type': dtype('O'),
                                                                         'mapping': Kobieta      0
Mężczyzna    1
NaN         -1
dtype: int64}]))),
                ('onehot_encoding',
                 TransformerWrapper(include=['age', 'edu_level', 'fav_animals',
                                             'fav_place'],
                                    transformer=OneHotEncoder(cols=['age',
                                                                    'edu_level',
                                                                    'fav_animals',
                                                                    'fav_place'],
                                                              handle_missing='return_nan',
                                                              use_cat_names=True))),
                ('trained_model', KMeans(random_state=123))]), ml_usecase=None)
2025-07-14 16:56:01,602:INFO:Set up data.
2025-07-14 16:56:40,294:INFO:Initializing predict_model()
2025-07-14 16:56:40,294:INFO:predict_model(self=<pycaret.clustering.oop.ClusteringExperiment object at 0x000001CEC6B6EE90>, estimator=Pipeline(memory=Memory(location=None),
         steps=[('numerical_imputer',
                 TransformerWrapper(include=[], transformer=SimpleImputer())),
                ('categorical_imputer',
                 TransformerWrapper(include=['age', 'edu_level', 'fav_animals',
                                             'fav_place', 'gender'],
                                    transformer=SimpleImputer(strategy='most_frequent'))),
                ('ordinal_encoding',
                 TransformerWrapper(include=['gender'],
                                    transfo...
                                                               mapping=[{'col': 'gender',
                                                                         'data_type': dtype('O'),
                                                                         'mapping': Kobieta      0
Mężczyzna    1
NaN         -1
dtype: int64}]))),
                ('onehot_encoding',
                 TransformerWrapper(include=['age', 'edu_level', 'fav_animals',
                                             'fav_place'],
                                    transformer=OneHotEncoder(cols=['age',
                                                                    'edu_level',
                                                                    'fav_animals',
                                                                    'fav_place'],
                                                              handle_missing='return_nan',
                                                              use_cat_names=True))),
                ('trained_model', KMeans(random_state=123))]), ml_usecase=None)
2025-07-14 16:56:40,294:INFO:Set up data.
2025-07-14 17:04:43,673:INFO:Initializing predict_model()
2025-07-14 17:04:43,673:INFO:predict_model(self=<pycaret.clustering.oop.ClusteringExperiment object at 0x000001CEBB7B9750>, estimator=Pipeline(memory=Memory(location=None),
         steps=[('numerical_imputer',
                 TransformerWrapper(include=[], transformer=SimpleImputer())),
                ('categorical_imputer',
                 TransformerWrapper(include=['age', 'edu_level', 'fav_animals',
                                             'fav_place', 'gender'],
                                    transformer=SimpleImputer(strategy='most_frequent'))),
                ('ordinal_encoding',
                 TransformerWrapper(include=['gender'],
                                    transfo...
                                                               mapping=[{'col': 'gender',
                                                                         'data_type': dtype('O'),
                                                                         'mapping': Kobieta      0
Mężczyzna    1
NaN         -1
dtype: int64}]))),
                ('onehot_encoding',
                 TransformerWrapper(include=['age', 'edu_level', 'fav_animals',
                                             'fav_place'],
                                    transformer=OneHotEncoder(cols=['age',
                                                                    'edu_level',
                                                                    'fav_animals',
                                                                    'fav_place'],
                                                              handle_missing='return_nan',
                                                              use_cat_names=True))),
                ('trained_model', KMeans(random_state=123))]), ml_usecase=None)
2025-07-14 17:04:43,674:INFO:Set up data.
2025-07-14 17:07:26,599:INFO:Initializing predict_model()
2025-07-14 17:07:26,599:INFO:predict_model(self=<pycaret.clustering.oop.ClusteringExperiment object at 0x000001CEC6A6AA10>, estimator=Pipeline(memory=Memory(location=None),
         steps=[('numerical_imputer',
                 TransformerWrapper(include=[], transformer=SimpleImputer())),
                ('categorical_imputer',
                 TransformerWrapper(include=['age', 'edu_level', 'fav_animals',
                                             'fav_place', 'gender'],
                                    transformer=SimpleImputer(strategy='most_frequent'))),
                ('ordinal_encoding',
                 TransformerWrapper(include=['gender'],
                                    transfo...
                                                               mapping=[{'col': 'gender',
                                                                         'data_type': dtype('O'),
                                                                         'mapping': Kobieta      0
Mężczyzna    1
NaN         -1
dtype: int64}]))),
                ('onehot_encoding',
                 TransformerWrapper(include=['age', 'edu_level', 'fav_animals',
                                             'fav_place'],
                                    transformer=OneHotEncoder(cols=['age',
                                                                    'edu_level',
                                                                    'fav_animals',
                                                                    'fav_place'],
                                                              handle_missing='return_nan',
                                                              use_cat_names=True))),
                ('trained_model', KMeans(random_state=123))]), ml_usecase=None)
2025-07-14 17:07:26,599:INFO:Set up data.
2025-07-14 17:07:43,421:INFO:Initializing predict_model()
2025-07-14 17:07:43,421:INFO:predict_model(self=<pycaret.clustering.oop.ClusteringExperiment object at 0x000001CEC61AF590>, estimator=Pipeline(memory=Memory(location=None),
         steps=[('numerical_imputer',
                 TransformerWrapper(include=[], transformer=SimpleImputer())),
                ('categorical_imputer',
                 TransformerWrapper(include=['age', 'edu_level', 'fav_animals',
                                             'fav_place', 'gender'],
                                    transformer=SimpleImputer(strategy='most_frequent'))),
                ('ordinal_encoding',
                 TransformerWrapper(include=['gender'],
                                    transfo...
                                                               mapping=[{'col': 'gender',
                                                                         'data_type': dtype('O'),
                                                                         'mapping': Kobieta      0
Mężczyzna    1
NaN         -1
dtype: int64}]))),
                ('onehot_encoding',
                 TransformerWrapper(include=['age', 'edu_level', 'fav_animals',
                                             'fav_place'],
                                    transformer=OneHotEncoder(cols=['age',
                                                                    'edu_level',
                                                                    'fav_animals',
                                                                    'fav_place'],
                                                              handle_missing='return_nan',
                                                              use_cat_names=True))),
                ('trained_model', KMeans(random_state=123))]), ml_usecase=None)
2025-07-14 17:07:43,421:INFO:Set up data.
2025-07-14 17:10:47,175:INFO:Initializing predict_model()
2025-07-14 17:10:47,175:INFO:predict_model(self=<pycaret.clustering.oop.ClusteringExperiment object at 0x000001CEC69CF2D0>, estimator=Pipeline(memory=Memory(location=None),
         steps=[('numerical_imputer',
                 TransformerWrapper(include=[], transformer=SimpleImputer())),
                ('categorical_imputer',
                 TransformerWrapper(include=['age', 'edu_level', 'fav_animals',
                                             'fav_place', 'gender'],
                                    transformer=SimpleImputer(strategy='most_frequent'))),
                ('ordinal_encoding',
                 TransformerWrapper(include=['gender'],
                                    transfo...
                                                               mapping=[{'col': 'gender',
                                                                         'data_type': dtype('O'),
                                                                         'mapping': Kobieta      0
Mężczyzna    1
NaN         -1
dtype: int64}]))),
                ('onehot_encoding',
                 TransformerWrapper(include=['age', 'edu_level', 'fav_animals',
                                             'fav_place'],
                                    transformer=OneHotEncoder(cols=['age',
                                                                    'edu_level',
                                                                    'fav_animals',
                                                                    'fav_place'],
                                                              handle_missing='return_nan',
                                                              use_cat_names=True))),
                ('trained_model', KMeans(random_state=123))]), ml_usecase=None)
2025-07-14 17:10:47,175:INFO:Set up data.
2025-07-14 18:16:13,998:WARNING:
'cuml' is a soft dependency and not included in the pycaret installation. Please run: `pip install cuml` to install.
2025-07-14 18:16:13,998:WARNING:
'cuml' is a soft dependency and not included in the pycaret installation. Please run: `pip install cuml` to install.
2025-07-14 18:16:13,998:WARNING:
'cuml' is a soft dependency and not included in the pycaret installation. Please run: `pip install cuml` to install.
2025-07-14 18:16:13,998:WARNING:
'cuml' is a soft dependency and not included in the pycaret installation. Please run: `pip install cuml` to install.
2025-07-14 18:19:10,956:INFO:PyCaret ClusteringExperiment
2025-07-14 18:19:10,956:INFO:Logging name: cluster-default-name
2025-07-14 18:19:10,956:INFO:ML Usecase: MLUsecase.CLUSTERING
2025-07-14 18:19:10,956:INFO:version 3.3.2
2025-07-14 18:19:10,957:INFO:Initializing setup()
2025-07-14 18:19:10,957:INFO:self.USI: 9dbd
2025-07-14 18:19:10,957:INFO:self._variable_keys: {'seed', 'n_jobs_param', 'idx', 'gpu_param', 'pipeline', 'X', 'log_plots_param', 'gpu_n_jobs_param', '_available_plots', 'data', 'exp_id', '_ml_usecase', 'logging_param', 'exp_name_log', 'memory', 'USI', 'html_param'}
2025-07-14 18:19:10,957:INFO:Checking environment
2025-07-14 18:19:10,957:INFO:python_version: 3.11.13
2025-07-14 18:19:10,957:INFO:python_build: ('main', 'Jun  5 2025 13:03:15')
2025-07-14 18:19:10,957:INFO:machine: AMD64
2025-07-14 18:19:10,958:INFO:platform: Windows-10-10.0.26100-SP0
2025-07-14 18:19:10,969:INFO:Memory: svmem(total=16942211072, available=3111526400, percent=81.6, used=13830684672, free=3111526400)
2025-07-14 18:19:10,970:INFO:Physical Core: 6
2025-07-14 18:19:10,970:INFO:Logical Core: 12
2025-07-14 18:19:10,970:INFO:Checking libraries
2025-07-14 18:19:10,970:INFO:System:
2025-07-14 18:19:10,970:INFO:    python: 3.11.13 | packaged by Anaconda, Inc. | (main, Jun  5 2025, 13:03:15) [MSC v.1929 64 bit (AMD64)]
2025-07-14 18:19:10,970:INFO:executable: c:\Users\jacek\miniconda3\envs\kurs_ai\python.exe
2025-07-14 18:19:10,970:INFO:   machine: Windows-10-10.0.26100-SP0
2025-07-14 18:19:10,970:INFO:PyCaret required dependencies:
2025-07-14 18:19:11,096:INFO:                 pip: 25.1
2025-07-14 18:19:11,097:INFO:          setuptools: 72.1.0
2025-07-14 18:19:11,097:INFO:             pycaret: 3.3.2
2025-07-14 18:19:11,097:INFO:             IPython: 9.3.0
2025-07-14 18:19:11,097:INFO:          ipywidgets: 8.1.5
2025-07-14 18:19:11,097:INFO:                tqdm: 4.67.1
2025-07-14 18:19:11,097:INFO:               numpy: 1.26.4
2025-07-14 18:19:11,097:INFO:              pandas: 1.5.3
2025-07-14 18:19:11,097:INFO:              jinja2: 3.1.6
2025-07-14 18:19:11,097:INFO:               scipy: 1.11.4
2025-07-14 18:19:11,097:INFO:              joblib: 1.2.0
2025-07-14 18:19:11,097:INFO:             sklearn: 1.4.2
2025-07-14 18:19:11,097:INFO:                pyod: 1.1.3
2025-07-14 18:19:11,097:INFO:            imblearn: 0.13.0
2025-07-14 18:19:11,097:INFO:   category_encoders: 2.6.3
2025-07-14 18:19:11,097:INFO:            lightgbm: 4.6.0
2025-07-14 18:19:11,097:INFO:               numba: 0.61.2
2025-07-14 18:19:11,097:INFO:            requests: 2.32.4
2025-07-14 18:19:11,097:INFO:          matplotlib: 3.10.0
2025-07-14 18:19:11,098:INFO:          scikitplot: 0.3.7
2025-07-14 18:19:11,098:INFO:         yellowbrick: 1.5
2025-07-14 18:19:11,098:INFO:              plotly: 6.1.2
2025-07-14 18:19:11,098:INFO:    plotly-resampler: Not installed
2025-07-14 18:19:11,098:INFO:             kaleido: 0.2.1
2025-07-14 18:19:11,098:INFO:           schemdraw: 0.15
2025-07-14 18:19:11,098:INFO:         statsmodels: 0.14.4
2025-07-14 18:19:11,098:INFO:              sktime: 0.26.0
2025-07-14 18:19:11,098:INFO:               tbats: 1.1.3
2025-07-14 18:19:11,098:INFO:            pmdarima: 2.0.4
2025-07-14 18:19:11,098:INFO:              psutil: 7.0.0
2025-07-14 18:19:11,098:INFO:          markupsafe: 3.0.2
2025-07-14 18:19:11,098:INFO:             pickle5: Not installed
2025-07-14 18:19:11,098:INFO:         cloudpickle: 3.1.1
2025-07-14 18:19:11,098:INFO:         deprecation: 2.1.0
2025-07-14 18:19:11,098:INFO:              xxhash: 3.5.0
2025-07-14 18:19:11,098:INFO:           wurlitzer: 3.1.1
2025-07-14 18:19:11,098:INFO:PyCaret optional dependencies:
2025-07-14 18:19:11,116:INFO:                shap: Not installed
2025-07-14 18:19:11,116:INFO:           interpret: Not installed
2025-07-14 18:19:11,116:INFO:                umap: Not installed
2025-07-14 18:19:11,116:INFO:     ydata_profiling: Not installed
2025-07-14 18:19:11,116:INFO:  explainerdashboard: Not installed
2025-07-14 18:19:11,116:INFO:             autoviz: Not installed
2025-07-14 18:19:11,116:INFO:           fairlearn: Not installed
2025-07-14 18:19:11,116:INFO:          deepchecks: Not installed
2025-07-14 18:19:11,116:INFO:             xgboost: Not installed
2025-07-14 18:19:11,116:INFO:            catboost: Not installed
2025-07-14 18:19:11,116:INFO:              kmodes: Not installed
2025-07-14 18:19:11,116:INFO:             mlxtend: Not installed
2025-07-14 18:19:11,116:INFO:       statsforecast: Not installed
2025-07-14 18:19:11,116:INFO:        tune_sklearn: Not installed
2025-07-14 18:19:11,116:INFO:                 ray: Not installed
2025-07-14 18:19:11,117:INFO:            hyperopt: Not installed
2025-07-14 18:19:11,117:INFO:              optuna: Not installed
2025-07-14 18:19:11,117:INFO:               skopt: Not installed
2025-07-14 18:19:11,117:INFO:              mlflow: Not installed
2025-07-14 18:19:11,117:INFO:              gradio: Not installed
2025-07-14 18:19:11,117:INFO:             fastapi: Not installed
2025-07-14 18:19:11,117:INFO:             uvicorn: Not installed
2025-07-14 18:19:11,117:INFO:              m2cgen: Not installed
2025-07-14 18:19:11,117:INFO:           evidently: Not installed
2025-07-14 18:19:11,117:INFO:               fugue: Not installed
2025-07-14 18:19:11,117:INFO:           streamlit: 1.46.1
2025-07-14 18:19:11,117:INFO:             prophet: Not installed
2025-07-14 18:19:11,117:INFO:None
2025-07-14 18:19:11,117:INFO:Set up data.
2025-07-14 18:19:11,121:INFO:Set up index.
2025-07-14 18:19:11,121:INFO:Assigning column types.
2025-07-14 18:19:11,125:INFO:Engine successfully changes for model 'kmeans' to 'sklearn'.
2025-07-14 18:19:11,125:INFO:Engine for model 'dbscan' has not been set explicitly, hence returning None.
2025-07-14 18:19:11,125:WARNING:
'kmodes' is a soft dependency and not included in the pycaret installation. Please run: `pip install kmodes` to install.
Alternately, you can install this by running `pip install pycaret[models]`
2025-07-14 18:19:11,125:INFO:Engine for model 'dbscan' has not been set explicitly, hence returning None.
2025-07-14 18:19:11,125:WARNING:
'kmodes' is a soft dependency and not included in the pycaret installation. Please run: `pip install kmodes` to install.
Alternately, you can install this by running `pip install pycaret[models]`
2025-07-14 18:19:11,125:INFO:Engine successfully changes for model 'dbscan' to 'sklearn'.
2025-07-14 18:19:11,126:WARNING:
'kmodes' is a soft dependency and not included in the pycaret installation. Please run: `pip install kmodes` to install.
Alternately, you can install this by running `pip install pycaret[models]`
2025-07-14 18:19:11,126:WARNING:
'kmodes' is a soft dependency and not included in the pycaret installation. Please run: `pip install kmodes` to install.
Alternately, you can install this by running `pip install pycaret[models]`
2025-07-14 18:19:11,127:INFO:Preparing preprocessing pipeline...
2025-07-14 18:19:11,127:INFO:Set up simple imputation.
2025-07-14 18:19:11,130:INFO:Set up encoding of ordinal features.
2025-07-14 18:19:11,131:INFO:Set up encoding of categorical features.
2025-07-14 18:19:11,250:INFO:Finished creating preprocessing pipeline.
2025-07-14 18:19:11,271:INFO:Pipeline: Pipeline(memory=FastMemory(location=C:\Users\jacek\AppData\Local\Temp\joblib),
         steps=[('numerical_imputer',
                 TransformerWrapper(include=[], transformer=SimpleImputer())),
                ('categorical_imputer',
                 TransformerWrapper(include=['age', 'edu_level', 'fav_animals',
                                             'fav_place', 'gender'],
                                    transformer=SimpleImputer(strategy='most_frequent'))),
                ('ordinal_encoding',
                 Trans...
                                    transformer=OrdinalEncoder(cols=['gender'],
                                                               handle_missing='return_nan',
                                                               mapping=[{'col': 'gender',
                                                                         'data_type': dtype('O'),
                                                                         'mapping': Kobieta      0
Mężczyzna    1
NaN         -1
dtype: int64}]))),
                ('onehot_encoding',
                 TransformerWrapper(include=['age', 'edu_level', 'fav_animals',
                                             'fav_place'],
                                    transformer=OneHotEncoder(cols=['age',
                                                                    'edu_level',
                                                                    'fav_animals',
                                                                    'fav_place'],
                                                              handle_missing='return_nan',
                                                              use_cat_names=True)))])
2025-07-14 18:19:11,271:INFO:Creating final display dataframe.
2025-07-14 18:19:11,337:INFO:Setup _display_container:                  Description                 Value
0                 Session id                   100
1        Original data shape              (229, 5)
2     Transformed data shape             (229, 21)
3       Categorical features                     5
4   Rows with missing values                 13.1%
5                 Preprocess                  True
6            Imputation type                simple
7         Numeric imputation                  mean
8     Categorical imputation                  mode
9   Maximum one-hot encoding                    -1
10           Encoding method                  None
11                  CPU Jobs                    -1
12                   Use GPU                 False
13            Log Experiment                 False
14           Experiment Name  cluster-default-name
15                       USI                  9dbd
2025-07-14 18:19:11,344:WARNING:
'kmodes' is a soft dependency and not included in the pycaret installation. Please run: `pip install kmodes` to install.
Alternately, you can install this by running `pip install pycaret[models]`
2025-07-14 18:19:11,344:WARNING:
'kmodes' is a soft dependency and not included in the pycaret installation. Please run: `pip install kmodes` to install.
Alternately, you can install this by running `pip install pycaret[models]`
2025-07-14 18:19:11,344:INFO:setup() successfully completed in 0.39s...............
2025-07-14 18:28:19,360:WARNING:
'cuml' is a soft dependency and not included in the pycaret installation. Please run: `pip install cuml` to install.
2025-07-14 18:28:19,360:WARNING:
'cuml' is a soft dependency and not included in the pycaret installation. Please run: `pip install cuml` to install.
2025-07-14 18:28:19,360:WARNING:
'cuml' is a soft dependency and not included in the pycaret installation. Please run: `pip install cuml` to install.
2025-07-14 18:28:19,360:WARNING:
'cuml' is a soft dependency and not included in the pycaret installation. Please run: `pip install cuml` to install.
2025-07-14 18:36:50,545:INFO:PyCaret ClusteringExperiment
2025-07-14 18:36:50,545:INFO:Logging name: cluster-default-name
2025-07-14 18:36:50,545:INFO:ML Usecase: MLUsecase.CLUSTERING
2025-07-14 18:36:50,545:INFO:version 3.3.2
2025-07-14 18:36:50,545:INFO:Initializing setup()
2025-07-14 18:36:50,545:INFO:self.USI: 4f6f
2025-07-14 18:36:50,545:INFO:self._variable_keys: {'logging_param', '_ml_usecase', 'log_plots_param', 'gpu_n_jobs_param', 'USI', 'n_jobs_param', 'X', 'memory', 'html_param', 'exp_name_log', 'data', 'pipeline', 'gpu_param', '_available_plots', 'seed', 'exp_id', 'idx'}
2025-07-14 18:36:50,546:INFO:Checking environment
2025-07-14 18:36:50,546:INFO:python_version: 3.11.13
2025-07-14 18:36:50,546:INFO:python_build: ('main', 'Jun  5 2025 13:03:15')
2025-07-14 18:36:50,546:INFO:machine: AMD64
2025-07-14 18:36:50,546:INFO:platform: Windows-10-10.0.26100-SP0
2025-07-14 18:36:50,554:INFO:Memory: svmem(total=16942211072, available=3260014592, percent=80.8, used=13682196480, free=3260014592)
2025-07-14 18:36:50,554:INFO:Physical Core: 6
2025-07-14 18:36:50,555:INFO:Logical Core: 12
2025-07-14 18:36:50,555:INFO:Checking libraries
2025-07-14 18:36:50,555:INFO:System:
2025-07-14 18:36:50,555:INFO:    python: 3.11.13 | packaged by Anaconda, Inc. | (main, Jun  5 2025, 13:03:15) [MSC v.1929 64 bit (AMD64)]
2025-07-14 18:36:50,555:INFO:executable: c:\Users\jacek\miniconda3\envs\kurs_ai\python.exe
2025-07-14 18:36:50,555:INFO:   machine: Windows-10-10.0.26100-SP0
2025-07-14 18:36:50,555:INFO:PyCaret required dependencies:
2025-07-14 18:36:50,651:INFO:                 pip: 25.1
2025-07-14 18:36:50,651:INFO:          setuptools: 72.1.0
2025-07-14 18:36:50,651:INFO:             pycaret: 3.3.2
2025-07-14 18:36:50,651:INFO:             IPython: 9.3.0
2025-07-14 18:36:50,651:INFO:          ipywidgets: 8.1.5
2025-07-14 18:36:50,651:INFO:                tqdm: 4.67.1
2025-07-14 18:36:50,651:INFO:               numpy: 1.26.4
2025-07-14 18:36:50,651:INFO:              pandas: 1.5.3
2025-07-14 18:36:50,651:INFO:              jinja2: 3.1.6
2025-07-14 18:36:50,651:INFO:               scipy: 1.11.4
2025-07-14 18:36:50,651:INFO:              joblib: 1.2.0
2025-07-14 18:36:50,651:INFO:             sklearn: 1.4.2
2025-07-14 18:36:50,651:INFO:                pyod: 1.1.3
2025-07-14 18:36:50,651:INFO:            imblearn: 0.13.0
2025-07-14 18:36:50,651:INFO:   category_encoders: 2.6.3
2025-07-14 18:36:50,651:INFO:            lightgbm: 4.6.0
2025-07-14 18:36:50,651:INFO:               numba: 0.61.2
2025-07-14 18:36:50,651:INFO:            requests: 2.32.4
2025-07-14 18:36:50,651:INFO:          matplotlib: 3.10.0
2025-07-14 18:36:50,651:INFO:          scikitplot: 0.3.7
2025-07-14 18:36:50,653:INFO:         yellowbrick: 1.5
2025-07-14 18:36:50,653:INFO:              plotly: 6.1.2
2025-07-14 18:36:50,653:INFO:    plotly-resampler: Not installed
2025-07-14 18:36:50,653:INFO:             kaleido: 0.2.1
2025-07-14 18:36:50,653:INFO:           schemdraw: 0.15
2025-07-14 18:36:50,653:INFO:         statsmodels: 0.14.4
2025-07-14 18:36:50,653:INFO:              sktime: 0.26.0
2025-07-14 18:36:50,653:INFO:               tbats: 1.1.3
2025-07-14 18:36:50,653:INFO:            pmdarima: 2.0.4
2025-07-14 18:36:50,653:INFO:              psutil: 7.0.0
2025-07-14 18:36:50,653:INFO:          markupsafe: 3.0.2
2025-07-14 18:36:50,653:INFO:             pickle5: Not installed
2025-07-14 18:36:50,653:INFO:         cloudpickle: 3.1.1
2025-07-14 18:36:50,653:INFO:         deprecation: 2.1.0
2025-07-14 18:36:50,653:INFO:              xxhash: 3.5.0
2025-07-14 18:36:50,653:INFO:           wurlitzer: 3.1.1
2025-07-14 18:36:50,653:INFO:PyCaret optional dependencies:
2025-07-14 18:36:50,670:INFO:                shap: Not installed
2025-07-14 18:36:50,670:INFO:           interpret: Not installed
2025-07-14 18:36:50,670:INFO:                umap: Not installed
2025-07-14 18:36:50,670:INFO:     ydata_profiling: Not installed
2025-07-14 18:36:50,670:INFO:  explainerdashboard: Not installed
2025-07-14 18:36:50,670:INFO:             autoviz: Not installed
2025-07-14 18:36:50,670:INFO:           fairlearn: Not installed
2025-07-14 18:36:50,672:INFO:          deepchecks: Not installed
2025-07-14 18:36:50,672:INFO:             xgboost: Not installed
2025-07-14 18:36:50,672:INFO:            catboost: Not installed
2025-07-14 18:36:50,672:INFO:              kmodes: Not installed
2025-07-14 18:36:50,672:INFO:             mlxtend: Not installed
2025-07-14 18:36:50,672:INFO:       statsforecast: Not installed
2025-07-14 18:36:50,672:INFO:        tune_sklearn: Not installed
2025-07-14 18:36:50,672:INFO:                 ray: Not installed
2025-07-14 18:36:50,672:INFO:            hyperopt: Not installed
2025-07-14 18:36:50,672:INFO:              optuna: Not installed
2025-07-14 18:36:50,672:INFO:               skopt: Not installed
2025-07-14 18:36:50,672:INFO:              mlflow: Not installed
2025-07-14 18:36:50,672:INFO:              gradio: Not installed
2025-07-14 18:36:50,672:INFO:             fastapi: Not installed
2025-07-14 18:36:50,672:INFO:             uvicorn: Not installed
2025-07-14 18:36:50,672:INFO:              m2cgen: Not installed
2025-07-14 18:36:50,672:INFO:           evidently: Not installed
2025-07-14 18:36:50,672:INFO:               fugue: Not installed
2025-07-14 18:36:50,672:INFO:           streamlit: 1.46.1
2025-07-14 18:36:50,672:INFO:             prophet: Not installed
2025-07-14 18:36:50,672:INFO:None
2025-07-14 18:36:50,672:INFO:Set up data.
2025-07-14 18:36:50,677:INFO:Set up index.
2025-07-14 18:36:50,677:INFO:Assigning column types.
2025-07-14 18:36:50,679:INFO:Engine successfully changes for model 'kmeans' to 'sklearn'.
2025-07-14 18:36:50,679:INFO:Engine for model 'dbscan' has not been set explicitly, hence returning None.
2025-07-14 18:36:50,679:WARNING:
'kmodes' is a soft dependency and not included in the pycaret installation. Please run: `pip install kmodes` to install.
Alternately, you can install this by running `pip install pycaret[models]`
2025-07-14 18:36:50,680:INFO:Engine for model 'dbscan' has not been set explicitly, hence returning None.
2025-07-14 18:36:50,680:WARNING:
'kmodes' is a soft dependency and not included in the pycaret installation. Please run: `pip install kmodes` to install.
Alternately, you can install this by running `pip install pycaret[models]`
2025-07-14 18:36:50,680:INFO:Engine successfully changes for model 'dbscan' to 'sklearn'.
2025-07-14 18:36:50,680:WARNING:
'kmodes' is a soft dependency and not included in the pycaret installation. Please run: `pip install kmodes` to install.
Alternately, you can install this by running `pip install pycaret[models]`
2025-07-14 18:36:50,680:WARNING:
'kmodes' is a soft dependency and not included in the pycaret installation. Please run: `pip install kmodes` to install.
Alternately, you can install this by running `pip install pycaret[models]`
2025-07-14 18:36:50,682:INFO:Preparing preprocessing pipeline...
2025-07-14 18:36:50,682:INFO:Set up simple imputation.
2025-07-14 18:36:50,684:INFO:Set up encoding of ordinal features.
2025-07-14 18:36:50,685:INFO:Set up encoding of categorical features.
2025-07-14 18:36:50,783:INFO:Finished creating preprocessing pipeline.
2025-07-14 18:36:50,807:INFO:Pipeline: Pipeline(memory=FastMemory(location=C:\Users\jacek\AppData\Local\Temp\joblib),
         steps=[('numerical_imputer',
                 TransformerWrapper(include=[], transformer=SimpleImputer())),
                ('categorical_imputer',
                 TransformerWrapper(include=['age', 'edu_level', 'fav_animals',
                                             'fav_place', 'gender'],
                                    transformer=SimpleImputer(strategy='most_frequent'))),
                ('ordinal_encoding',
                 Trans...
                                    transformer=OrdinalEncoder(cols=['gender'],
                                                               handle_missing='return_nan',
                                                               mapping=[{'col': 'gender',
                                                                         'data_type': dtype('O'),
                                                                         'mapping': Kobieta      0
Mężczyzna    1
NaN         -1
dtype: int64}]))),
                ('onehot_encoding',
                 TransformerWrapper(include=['age', 'edu_level', 'fav_animals',
                                             'fav_place'],
                                    transformer=OneHotEncoder(cols=['age',
                                                                    'edu_level',
                                                                    'fav_animals',
                                                                    'fav_place'],
                                                              handle_missing='return_nan',
                                                              use_cat_names=True)))])
2025-07-14 18:36:50,808:INFO:Creating final display dataframe.
2025-07-14 18:36:50,867:INFO:Setup _display_container:                  Description                 Value
0                 Session id                   100
1        Original data shape              (229, 5)
2     Transformed data shape             (229, 21)
3       Categorical features                     5
4   Rows with missing values                 13.1%
5                 Preprocess                  True
6            Imputation type                simple
7         Numeric imputation                  mean
8     Categorical imputation                  mode
9   Maximum one-hot encoding                    -1
10           Encoding method                  None
11                  CPU Jobs                    -1
12                   Use GPU                 False
13            Log Experiment                 False
14           Experiment Name  cluster-default-name
15                       USI                  4f6f
2025-07-14 18:36:50,873:WARNING:
'kmodes' is a soft dependency and not included in the pycaret installation. Please run: `pip install kmodes` to install.
Alternately, you can install this by running `pip install pycaret[models]`
2025-07-14 18:36:50,874:WARNING:
'kmodes' is a soft dependency and not included in the pycaret installation. Please run: `pip install kmodes` to install.
Alternately, you can install this by running `pip install pycaret[models]`
2025-07-14 18:36:50,874:INFO:setup() successfully completed in 0.33s...............
2025-07-14 18:58:29,909:INFO:Initializing create_model()
2025-07-14 18:58:29,909:INFO:create_model(self=<pycaret.clustering.oop.ClusteringExperiment object at 0x0000016FCDDF0510>, estimator=kmeans, num_clusters=8, fraction=0.05, ground_truth=None, round=4, fit_kwargs=None, experiment_custom_tags=None, verbose=True, system=True, add_to_model_list=True, raise_num_clusters=False, display=None, kwargs={})
2025-07-14 18:58:29,910:INFO:Checking exceptions
2025-07-14 18:58:30,086:INFO:Importing untrained model
2025-07-14 18:58:30,099:INFO:K-Means Clustering Imported successfully
2025-07-14 18:58:30,109:INFO:Fitting Model
2025-07-14 18:58:30,499:WARNING:c:\Users\jacek\miniconda3\envs\kurs_ai\Lib\site-packages\sklearn\cluster\_kmeans.py:1446: UserWarning: KMeans is known to have a memory leak on Windows with MKL, when there are less chunks than available threads. You can avoid it by setting the environment variable OMP_NUM_THREADS=1.
  warnings.warn(

2025-07-14 18:58:30,539:INFO:KMeans(random_state=100)
2025-07-14 18:58:30,539:INFO:create_models() successfully completed......................................
2025-07-14 18:58:30,543:INFO:Uploading results into container
2025-07-14 18:58:30,547:INFO:Uploading model into container now
2025-07-14 18:58:30,556:INFO:_master_model_container: 1
2025-07-14 18:58:30,556:INFO:_display_container: 2
2025-07-14 18:58:30,557:INFO:KMeans(random_state=100)
2025-07-14 18:58:30,557:INFO:create_model() successfully completed......................................
2025-07-14 18:58:41,322:INFO:Initializing assign_model()
2025-07-14 18:58:41,323:INFO:assign_model(self=<pycaret.clustering.oop.ClusteringExperiment object at 0x0000016FCDDF0510>, model=KMeans(random_state=100), transformation=False, score=True, verbose=True)
2025-07-14 18:58:41,323:INFO:Checking exceptions
2025-07-14 18:58:41,323:INFO:Determining Trained Model
2025-07-14 18:58:41,323:INFO:Trained Model : K-Means Clustering
2025-07-14 18:58:41,323:INFO:Copying data
2025-07-14 18:58:41,324:INFO:(229, 6)
2025-07-14 18:58:41,325:INFO:assign_model() successfully completed......................................
2025-07-14 18:59:08,387:INFO:Initializing plot_model()
2025-07-14 18:59:08,387:INFO:plot_model(self=<pycaret.clustering.oop.ClusteringExperiment object at 0x0000016FCDDF0510>, estimator=KMeans(random_state=100), plot=cluster, scale=1, save=False, fold=None, fit_kwargs=None, plot_kwargs=None, groups=None, feature_name=None, label=False, verbose=True, system=True, display=None, display_format=None)
2025-07-14 18:59:08,388:INFO:Checking exceptions
2025-07-14 18:59:08,390:INFO:Preloading libraries
2025-07-14 18:59:08,391:INFO:Copying training dataset
2025-07-14 18:59:08,391:INFO:Plot type: cluster
2025-07-14 18:59:08,392:INFO:SubProcess assign_model() called ==================================
2025-07-14 18:59:08,392:INFO:Initializing assign_model()
2025-07-14 18:59:08,392:INFO:assign_model(self=<pycaret.clustering.oop.ClusteringExperiment object at 0x0000016FCDDF0510>, model=KMeans(random_state=100), transformation=True, score=True, verbose=False)
2025-07-14 18:59:08,392:INFO:Checking exceptions
2025-07-14 18:59:08,392:INFO:Determining Trained Model
2025-07-14 18:59:08,392:INFO:Trained Model : K-Means Clustering
2025-07-14 18:59:08,393:INFO:Copying data
2025-07-14 18:59:08,456:INFO:Transformation parameter set to True. Assigned clusters are attached on transformed dataset.
2025-07-14 18:59:08,456:INFO:(229, 22)
2025-07-14 18:59:08,456:INFO:assign_model() successfully completed......................................
2025-07-14 18:59:08,456:INFO:SubProcess assign_model() end ==================================
2025-07-14 18:59:08,459:INFO:Fitting PCA()
2025-07-14 18:59:08,502:INFO:Sorting dataframe
2025-07-14 18:59:08,504:INFO:Rendering Visual
2025-07-14 18:59:09,827:INFO:Visual Rendered Successfully
2025-07-14 18:59:09,929:INFO:plot_model() successfully completed......................................
2025-07-14 19:00:42,970:INFO:Initializing save_model()
2025-07-14 19:00:42,970:INFO:save_model(model=KMeans(random_state=100), model_name=welcome_survey_clustering_pipeline_v2, prep_pipe_=Pipeline(memory=FastMemory(location=C:\Users\jacek\AppData\Local\Temp\joblib),
         steps=[('numerical_imputer',
                 TransformerWrapper(include=[], transformer=SimpleImputer())),
                ('categorical_imputer',
                 TransformerWrapper(include=['age', 'edu_level', 'fav_animals',
                                             'fav_place', 'gender'],
                                    transformer=SimpleImputer(strategy='most_frequent'))),
                ('ordinal_encoding',
                 Trans...
                                    transformer=OrdinalEncoder(cols=['gender'],
                                                               handle_missing='return_nan',
                                                               mapping=[{'col': 'gender',
                                                                         'data_type': dtype('O'),
                                                                         'mapping': Kobieta      0
Mężczyzna    1
NaN         -1
dtype: int64}]))),
                ('onehot_encoding',
                 TransformerWrapper(include=['age', 'edu_level', 'fav_animals',
                                             'fav_place'],
                                    transformer=OneHotEncoder(cols=['age',
                                                                    'edu_level',
                                                                    'fav_animals',
                                                                    'fav_place'],
                                                              handle_missing='return_nan',
                                                              use_cat_names=True)))]), verbose=False, use_case=MLUsecase.CLUSTERING, kwargs={})
2025-07-14 19:00:42,970:INFO:Adding model into prep_pipe
2025-07-14 19:00:42,980:INFO:welcome_survey_clustering_pipeline_v2.pkl saved in current working directory
2025-07-14 19:00:43,004:INFO:Pipeline(memory=Memory(location=None),
         steps=[('numerical_imputer',
                 TransformerWrapper(include=[], transformer=SimpleImputer())),
                ('categorical_imputer',
                 TransformerWrapper(include=['age', 'edu_level', 'fav_animals',
                                             'fav_place', 'gender'],
                                    transformer=SimpleImputer(strategy='most_frequent'))),
                ('ordinal_encoding',
                 TransformerWrapper(include=['gender'],
                                    transfo...
                                                               mapping=[{'col': 'gender',
                                                                         'data_type': dtype('O'),
                                                                         'mapping': Kobieta      0
Mężczyzna    1
NaN         -1
dtype: int64}]))),
                ('onehot_encoding',
                 TransformerWrapper(include=['age', 'edu_level', 'fav_animals',
                                             'fav_place'],
                                    transformer=OneHotEncoder(cols=['age',
                                                                    'edu_level',
                                                                    'fav_animals',
                                                                    'fav_place'],
                                                              handle_missing='return_nan',
                                                              use_cat_names=True))),
                ('trained_model', KMeans(random_state=100))])
2025-07-14 19:00:43,004:INFO:save_model() successfully completed......................................
2025-07-14 19:01:28,268:INFO:Initializing load_model()
2025-07-14 19:01:28,268:INFO:load_model(model_name=welcome_survey_clustering_pipeline_v2, platform=None, authentication=None, verbose=True)
2025-07-14 19:01:50,608:INFO:Initializing predict_model()
2025-07-14 19:01:50,609:INFO:predict_model(self=<pycaret.clustering.oop.ClusteringExperiment object at 0x0000016FCDDF0510>, estimator=Pipeline(memory=FastMemory(location=C:\Users\jacek\AppData\Local\Temp\joblib),
         steps=[('numerical_imputer',
                 TransformerWrapper(include=[], transformer=SimpleImputer())),
                ('categorical_imputer',
                 TransformerWrapper(include=['age', 'edu_level', 'fav_animals',
                                             'fav_place', 'gender'],
                                    transformer=SimpleImputer(strategy='most_frequent'))),
                ('ordinal_encoding',
                 Trans...
                                                               mapping=[{'col': 'gender',
                                                                         'data_type': dtype('O'),
                                                                         'mapping': Kobieta      0
Mężczyzna    1
NaN         -1
dtype: int64}]))),
                ('onehot_encoding',
                 TransformerWrapper(include=['age', 'edu_level', 'fav_animals',
                                             'fav_place'],
                                    transformer=OneHotEncoder(cols=['age',
                                                                    'edu_level',
                                                                    'fav_animals',
                                                                    'fav_place'],
                                                              handle_missing='return_nan',
                                                              use_cat_names=True))),
                ('trained_model', KMeans(random_state=100))]), ml_usecase=None)
2025-07-14 19:01:50,609:INFO:Set up data.
2025-07-14 19:11:18,828:WARNING:
'cuml' is a soft dependency and not included in the pycaret installation. Please run: `pip install cuml` to install.
2025-07-14 19:11:18,828:WARNING:
'cuml' is a soft dependency and not included in the pycaret installation. Please run: `pip install cuml` to install.
2025-07-14 19:11:18,828:WARNING:
'cuml' is a soft dependency and not included in the pycaret installation. Please run: `pip install cuml` to install.
2025-07-14 19:11:18,828:WARNING:
'cuml' is a soft dependency and not included in the pycaret installation. Please run: `pip install cuml` to install.
2025-07-14 19:12:37,587:INFO:Initializing load_model()
2025-07-14 19:12:37,588:INFO:load_model(model_name=welcome_survey_clustering_pipeline_v2, platform=None, authentication=None, verbose=True)
2025-07-14 19:12:47,461:INFO:Initializing predict_model()
2025-07-14 19:12:47,461:INFO:predict_model(self=<pycaret.clustering.oop.ClusteringExperiment object at 0x000001C9E358E3D0>, estimator=Pipeline(memory=Memory(location=None),
         steps=[('numerical_imputer',
                 TransformerWrapper(include=[], transformer=SimpleImputer())),
                ('categorical_imputer',
                 TransformerWrapper(include=['age', 'edu_level', 'fav_animals',
                                             'fav_place', 'gender'],
                                    transformer=SimpleImputer(strategy='most_frequent'))),
                ('ordinal_encoding',
                 TransformerWrapper(include=['gender'],
                                    transfo...
                                                               mapping=[{'col': 'gender',
                                                                         'data_type': dtype('O'),
                                                                         'mapping': Kobieta      0
Mężczyzna    1
NaN         -1
dtype: int64}]))),
                ('onehot_encoding',
                 TransformerWrapper(include=['age', 'edu_level', 'fav_animals',
                                             'fav_place'],
                                    transformer=OneHotEncoder(cols=['age',
                                                                    'edu_level',
                                                                    'fav_animals',
                                                                    'fav_place'],
                                                              handle_missing='return_nan',
                                                              use_cat_names=True))),
                ('trained_model', KMeans(random_state=100))]), ml_usecase=None)
2025-07-14 19:12:47,462:INFO:Set up data.
2025-07-14 19:20:12,021:WARNING:
'cuml' is a soft dependency and not included in the pycaret installation. Please run: `pip install cuml` to install.
2025-07-14 19:20:12,021:WARNING:
'cuml' is a soft dependency and not included in the pycaret installation. Please run: `pip install cuml` to install.
2025-07-14 19:20:12,021:WARNING:
'cuml' is a soft dependency and not included in the pycaret installation. Please run: `pip install cuml` to install.
2025-07-14 19:20:12,021:WARNING:
'cuml' is a soft dependency and not included in the pycaret installation. Please run: `pip install cuml` to install.
2025-07-14 19:20:13,966:INFO:Initializing load_model()
2025-07-14 19:20:13,966:INFO:load_model(model_name=welcome_survey_clustering_pipeline_v1, platform=None, authentication=None, verbose=True)
2025-07-14 19:20:56,081:WARNING:
'cuml' is a soft dependency and not included in the pycaret installation. Please run: `pip install cuml` to install.
2025-07-14 19:20:56,081:WARNING:
'cuml' is a soft dependency and not included in the pycaret installation. Please run: `pip install cuml` to install.
2025-07-14 19:20:56,081:WARNING:
'cuml' is a soft dependency and not included in the pycaret installation. Please run: `pip install cuml` to install.
2025-07-14 19:20:56,082:WARNING:
'cuml' is a soft dependency and not included in the pycaret installation. Please run: `pip install cuml` to install.
2025-07-14 19:20:57,978:INFO:Initializing load_model()
2025-07-14 19:20:57,978:INFO:load_model(model_name=welcome_survey_clustering_pipeline_v1, platform=None, authentication=None, verbose=True)
2025-07-14 19:21:50,204:WARNING:
'cuml' is a soft dependency and not included in the pycaret installation. Please run: `pip install cuml` to install.
2025-07-14 19:21:50,204:WARNING:
'cuml' is a soft dependency and not included in the pycaret installation. Please run: `pip install cuml` to install.
2025-07-14 19:21:50,205:WARNING:
'cuml' is a soft dependency and not included in the pycaret installation. Please run: `pip install cuml` to install.
2025-07-14 19:21:50,205:WARNING:
'cuml' is a soft dependency and not included in the pycaret installation. Please run: `pip install cuml` to install.
2025-07-14 19:21:52,026:INFO:Initializing load_model()
2025-07-14 19:21:52,027:INFO:load_model(model_name=welcome_survey_clustering_pipeline_v1, platform=None, authentication=None, verbose=True)
2025-07-14 19:38:56,747:WARNING:
'cuml' is a soft dependency and not included in the pycaret installation. Please run: `pip install cuml` to install.
2025-07-14 19:38:56,747:WARNING:
'cuml' is a soft dependency and not included in the pycaret installation. Please run: `pip install cuml` to install.
2025-07-14 19:38:56,747:WARNING:
'cuml' is a soft dependency and not included in the pycaret installation. Please run: `pip install cuml` to install.
2025-07-14 19:38:56,747:WARNING:
'cuml' is a soft dependency and not included in the pycaret installation. Please run: `pip install cuml` to install.
2025-07-14 19:38:58,908:INFO:Initializing load_model()
2025-07-14 19:38:58,908:INFO:load_model(model_name=welcome_survey_clustering_pipeline_v2, platform=None, authentication=None, verbose=True)
2025-07-14 19:38:59,054:INFO:Initializing predict_model()
2025-07-14 19:38:59,054:INFO:predict_model(self=<pycaret.clustering.oop.ClusteringExperiment object at 0x000002B5CD8EA290>, estimator=Pipeline(memory=Memory(location=None),
         steps=[('numerical_imputer',
                 TransformerWrapper(include=[], transformer=SimpleImputer())),
                ('categorical_imputer',
                 TransformerWrapper(include=['age', 'edu_level', 'fav_animals',
                                             'fav_place', 'gender'],
                                    transformer=SimpleImputer(strategy='most_frequent'))),
                ('ordinal_encoding',
                 TransformerWrapper(include=['gender'],
                                    transfo...
                                                               mapping=[{'col': 'gender',
                                                                         'data_type': dtype('O'),
                                                                         'mapping': Kobieta      0
Mężczyzna    1
NaN         -1
dtype: int64}]))),
                ('onehot_encoding',
                 TransformerWrapper(include=['age', 'edu_level', 'fav_animals',
                                             'fav_place'],
                                    transformer=OneHotEncoder(cols=['age',
                                                                    'edu_level',
                                                                    'fav_animals',
                                                                    'fav_place'],
                                                              handle_missing='return_nan',
                                                              use_cat_names=True))),
                ('trained_model', KMeans(random_state=100))]), ml_usecase=None)
2025-07-14 19:38:59,054:INFO:Set up data.
2025-07-14 19:38:59,285:INFO:Initializing predict_model()
2025-07-14 19:38:59,285:INFO:predict_model(self=<pycaret.clustering.oop.ClusteringExperiment object at 0x000002B5CD526A50>, estimator=Pipeline(memory=Memory(location=None),
         steps=[('numerical_imputer',
                 TransformerWrapper(include=[], transformer=SimpleImputer())),
                ('categorical_imputer',
                 TransformerWrapper(include=['age', 'edu_level', 'fav_animals',
                                             'fav_place', 'gender'],
                                    transformer=SimpleImputer(strategy='most_frequent'))),
                ('ordinal_encoding',
                 TransformerWrapper(include=['gender'],
                                    transfo...
                                                               mapping=[{'col': 'gender',
                                                                         'data_type': dtype('O'),
                                                                         'mapping': Kobieta      0
Mężczyzna    1
NaN         -1
dtype: int64}]))),
                ('onehot_encoding',
                 TransformerWrapper(include=['age', 'edu_level', 'fav_animals',
                                             'fav_place'],
                                    transformer=OneHotEncoder(cols=['age',
                                                                    'edu_level',
                                                                    'fav_animals',
                                                                    'fav_place'],
                                                              handle_missing='return_nan',
                                                              use_cat_names=True))),
                ('trained_model', KMeans(random_state=100))]), ml_usecase=None)
2025-07-14 19:38:59,285:INFO:Set up data.
2025-07-14 20:51:54,820:WARNING:
'cuml' is a soft dependency and not included in the pycaret installation. Please run: `pip install cuml` to install.
2025-07-14 20:51:54,820:WARNING:
'cuml' is a soft dependency and not included in the pycaret installation. Please run: `pip install cuml` to install.
2025-07-14 20:51:54,820:WARNING:
'cuml' is a soft dependency and not included in the pycaret installation. Please run: `pip install cuml` to install.
2025-07-14 20:51:54,820:WARNING:
'cuml' is a soft dependency and not included in the pycaret installation. Please run: `pip install cuml` to install.
2025-07-14 20:51:56,779:INFO:Initializing load_model()
2025-07-14 20:51:56,780:INFO:load_model(model_name=welcome_survey_clustering_pipeline_v2, platform=None, authentication=None, verbose=True)
2025-07-14 20:51:56,917:INFO:Initializing predict_model()
2025-07-14 20:51:56,917:INFO:predict_model(self=<pycaret.clustering.oop.ClusteringExperiment object at 0x000001A6A21D9950>, estimator=Pipeline(memory=Memory(location=None),
         steps=[('numerical_imputer',
                 TransformerWrapper(include=[], transformer=SimpleImputer())),
                ('categorical_imputer',
                 TransformerWrapper(include=['age', 'edu_level', 'fav_animals',
                                             'fav_place', 'gender'],
                                    transformer=SimpleImputer(strategy='most_frequent'))),
                ('ordinal_encoding',
                 TransformerWrapper(include=['gender'],
                                    transfo...
                                                               mapping=[{'col': 'gender',
                                                                         'data_type': dtype('O'),
                                                                         'mapping': Kobieta      0
Mężczyzna    1
NaN         -1
dtype: int64}]))),
                ('onehot_encoding',
                 TransformerWrapper(include=['age', 'edu_level', 'fav_animals',
                                             'fav_place'],
                                    transformer=OneHotEncoder(cols=['age',
                                                                    'edu_level',
                                                                    'fav_animals',
                                                                    'fav_place'],
                                                              handle_missing='return_nan',
                                                              use_cat_names=True))),
                ('trained_model', KMeans(random_state=100))]), ml_usecase=None)
2025-07-14 20:51:56,917:INFO:Set up data.
2025-07-14 20:51:57,108:INFO:Initializing predict_model()
2025-07-14 20:51:57,108:INFO:predict_model(self=<pycaret.clustering.oop.ClusteringExperiment object at 0x000001A6A16AC0D0>, estimator=Pipeline(memory=Memory(location=None),
         steps=[('numerical_imputer',
                 TransformerWrapper(include=[], transformer=SimpleImputer())),
                ('categorical_imputer',
                 TransformerWrapper(include=['age', 'edu_level', 'fav_animals',
                                             'fav_place', 'gender'],
                                    transformer=SimpleImputer(strategy='most_frequent'))),
                ('ordinal_encoding',
                 TransformerWrapper(include=['gender'],
                                    transfo...
                                                               mapping=[{'col': 'gender',
                                                                         'data_type': dtype('O'),
                                                                         'mapping': Kobieta      0
Mężczyzna    1
NaN         -1
dtype: int64}]))),
                ('onehot_encoding',
                 TransformerWrapper(include=['age', 'edu_level', 'fav_animals',
                                             'fav_place'],
                                    transformer=OneHotEncoder(cols=['age',
                                                                    'edu_level',
                                                                    'fav_animals',
                                                                    'fav_place'],
                                                              handle_missing='return_nan',
                                                              use_cat_names=True))),
                ('trained_model', KMeans(random_state=100))]), ml_usecase=None)
2025-07-14 20:51:57,108:INFO:Set up data.
2025-07-14 22:50:23,419:WARNING:
'cuml' is a soft dependency and not included in the pycaret installation. Please run: `pip install cuml` to install.
2025-07-14 22:50:23,419:WARNING:
'cuml' is a soft dependency and not included in the pycaret installation. Please run: `pip install cuml` to install.
2025-07-14 22:50:23,420:WARNING:
'cuml' is a soft dependency and not included in the pycaret installation. Please run: `pip install cuml` to install.
2025-07-14 22:50:23,420:WARNING:
'cuml' is a soft dependency and not included in the pycaret installation. Please run: `pip install cuml` to install.
2025-07-14 22:50:27,177:INFO:Initializing load_model()
2025-07-14 22:50:27,177:INFO:load_model(model_name=welcome_survey_clustering_pipeline_v2, platform=None, authentication=None, verbose=True)
2025-07-14 22:50:27,391:INFO:Initializing predict_model()
2025-07-14 22:50:27,391:INFO:predict_model(self=<pycaret.clustering.oop.ClusteringExperiment object at 0x00000289138FF990>, estimator=Pipeline(memory=Memory(location=None),
         steps=[('numerical_imputer',
                 TransformerWrapper(include=[], transformer=SimpleImputer())),
                ('categorical_imputer',
                 TransformerWrapper(include=['age', 'edu_level', 'fav_animals',
                                             'fav_place', 'gender'],
                                    transformer=SimpleImputer(strategy='most_frequent'))),
                ('ordinal_encoding',
                 TransformerWrapper(include=['gender'],
                                    transfo...
                                                               mapping=[{'col': 'gender',
                                                                         'data_type': dtype('O'),
                                                                         'mapping': Kobieta      0
Mężczyzna    1
NaN         -1
dtype: int64}]))),
                ('onehot_encoding',
                 TransformerWrapper(include=['age', 'edu_level', 'fav_animals',
                                             'fav_place'],
                                    transformer=OneHotEncoder(cols=['age',
                                                                    'edu_level',
                                                                    'fav_animals',
                                                                    'fav_place'],
                                                              handle_missing='return_nan',
                                                              use_cat_names=True))),
                ('trained_model', KMeans(random_state=100))]), ml_usecase=None)
2025-07-14 22:50:27,391:INFO:Set up data.
2025-07-14 22:50:27,775:INFO:Initializing predict_model()
2025-07-14 22:50:27,775:INFO:predict_model(self=<pycaret.clustering.oop.ClusteringExperiment object at 0x0000028913BFA410>, estimator=Pipeline(memory=Memory(location=None),
         steps=[('numerical_imputer',
                 TransformerWrapper(include=[], transformer=SimpleImputer())),
                ('categorical_imputer',
                 TransformerWrapper(include=['age', 'edu_level', 'fav_animals',
                                             'fav_place', 'gender'],
                                    transformer=SimpleImputer(strategy='most_frequent'))),
                ('ordinal_encoding',
                 TransformerWrapper(include=['gender'],
                                    transfo...
                                                               mapping=[{'col': 'gender',
                                                                         'data_type': dtype('O'),
                                                                         'mapping': Kobieta      0
Mężczyzna    1
NaN         -1
dtype: int64}]))),
                ('onehot_encoding',
                 TransformerWrapper(include=['age', 'edu_level', 'fav_animals',
                                             'fav_place'],
                                    transformer=OneHotEncoder(cols=['age',
                                                                    'edu_level',
                                                                    'fav_animals',
                                                                    'fav_place'],
                                                              handle_missing='return_nan',
                                                              use_cat_names=True))),
                ('trained_model', KMeans(random_state=100))]), ml_usecase=None)
2025-07-14 22:50:27,775:INFO:Set up data.
2025-10-08 12:39:06,020:WARNING:
'cuml' is a soft dependency and not included in the pycaret installation. Please run: `pip install cuml` to install.
2025-10-08 12:39:06,020:WARNING:
'cuml' is a soft dependency and not included in the pycaret installation. Please run: `pip install cuml` to install.
2025-10-08 12:39:06,020:WARNING:
'cuml' is a soft dependency and not included in the pycaret installation. Please run: `pip install cuml` to install.
2025-10-08 12:39:06,020:WARNING:
'cuml' is a soft dependency and not included in the pycaret installation. Please run: `pip install cuml` to install.
2025-10-08 12:39:08,742:INFO:Initializing load_model()
2025-10-08 12:39:08,743:INFO:load_model(model_name=welcome_survey_clustering_pipeline_v2, platform=None, authentication=None, verbose=True)
2025-10-08 14:02:34,169:INFO:Initializing load_model()
2025-10-08 14:02:34,169:INFO:load_model(model_name=welcome_survey_clustering_pipeline_v2, platform=None, authentication=None, verbose=True)
2025-10-08 14:02:34,349:WARNING:C:\Users\jacek\miniconda3\envs\notatki_audio\Lib\site-packages\pycaret\internal\pipeline.py:148: UserWarning: Version mismatch:
current: {'deps_info': {'pip': '25.1', 'setuptools': '72.1.0', 'pycaret': '3.3.2', 'IPython': '9.1.0', 'ipywidgets': '8.1.5', 'tqdm': '4.67.1', 'numpy': '1.26.4', 'pandas': '2.1.4', 'jinja2': '3.1.6', 'scipy': '1.11.4', 'joblib': '1.2.0', 'sklearn': '1.4.2', 'pyod': '1.1.3', 'imblearn': '0.13.0', 'category_encoders': '2.6.3', 'lightgbm': '4.6.0', 'numba': '0.61.2', 'requests': '2.32.4', 'matplotlib': '3.10.0', 'scikitplot': '0.3.7', 'yellowbrick': '1.5', 'plotly': '5.24.1', 'plotly-resampler': 'Not installed', 'kaleido': '0.2.1', 'schemdraw': '0.15', 'statsmodels': '0.14.4', 'sktime': '0.26.0', 'tbats': '1.1.3', 'pmdarima': '2.0.4', 'psutil': '5.9.0', 'markupsafe': '3.0.2', 'pickle5': 'Not installed', 'cloudpickle': '3.1.1', 'deprecation': '2.1.0', 'xxhash': '3.5.0', 'wurlitzer': '3.1.1'}, 'python': {'version': '3.11.13', 'machine': 'AMD64'}}
pickle: {'deps_info': {'pip': '25.1', 'setuptools': '72.1.0', 'pycaret': '3.3.2', 'IPython': '9.3.0', 'ipywidgets': '8.1.5', 'tqdm': '4.67.1', 'numpy': '1.26.4', 'pandas': '1.5.3', 'jinja2': '3.1.6', 'scipy': '1.11.4', 'joblib': '1.2.0', 'sklearn': '1.4.2', 'pyod': '1.1.3', 'imblearn': '0.13.0', 'category_encoders': '2.6.3', 'lightgbm': '4.6.0', 'numba': '0.61.2', 'requests': '2.32.4', 'matplotlib': '3.10.0', 'scikitplot': '0.3.7', 'yellowbrick': '1.5', 'plotly': '6.1.2', 'plotly-resampler': 'Not installed', 'kaleido': '0.2.1', 'schemdraw': '0.15', 'statsmodels': '0.14.4', 'sktime': '0.26.0', 'tbats': '1.1.3', 'pmdarima': '2.0.4', 'psutil': '7.0.0', 'markupsafe': '3.0.2', 'pickle5': 'Not installed', 'cloudpickle': '3.1.1', 'deprecation': '2.1.0', 'xxhash': '3.5.0', 'wurlitzer': '3.1.1'}, 'python': {'version': '3.11.13', 'machine': 'AMD64'}}
  warnings.warn(

2025-10-08 14:02:34,453:INFO:Initializing predict_model()
2025-10-08 14:02:34,454:INFO:predict_model(self=<pycaret.clustering.oop.ClusteringExperiment object at 0x000001F82AEC0210>, estimator=Pipeline(memory=Memory(location=None),
         steps=[('numerical_imputer',
                 TransformerWrapper(include=[], transformer=SimpleImputer())),
                ('categorical_imputer',
                 TransformerWrapper(include=['age', 'edu_level', 'fav_animals',
                                             'fav_place', 'gender'],
                                    transformer=SimpleImputer(strategy='most_frequent'))),
                ('ordinal_encoding',
                 TransformerWrapper(include=['gender'],
                                    transfo...
                                                               mapping=[{'col': 'gender',
                                                                         'data_type': dtype('O'),
                                                                         'mapping': Kobieta      0
Mężczyzna    1
NaN         -1
dtype: int64}]))),
                ('onehot_encoding',
                 TransformerWrapper(include=['age', 'edu_level', 'fav_animals',
                                             'fav_place'],
                                    transformer=OneHotEncoder(cols=['age',
                                                                    'edu_level',
                                                                    'fav_animals',
                                                                    'fav_place'],
                                                              handle_missing='return_nan',
                                                              use_cat_names=True))),
                ('trained_model', KMeans(random_state=100))]), ml_usecase=None)
2025-10-08 14:02:34,454:INFO:Set up data.
2025-10-08 14:02:34,773:INFO:Initializing predict_model()
2025-10-08 14:02:34,773:INFO:predict_model(self=<pycaret.clustering.oop.ClusteringExperiment object at 0x000001F82AA25210>, estimator=Pipeline(memory=Memory(location=None),
         steps=[('numerical_imputer',
                 TransformerWrapper(include=[], transformer=SimpleImputer())),
                ('categorical_imputer',
                 TransformerWrapper(include=['age', 'edu_level', 'fav_animals',
                                             'fav_place', 'gender'],
                                    transformer=SimpleImputer(strategy='most_frequent'))),
                ('ordinal_encoding',
                 TransformerWrapper(include=['gender'],
                                    transfo...
                                                               mapping=[{'col': 'gender',
                                                                         'data_type': dtype('O'),
                                                                         'mapping': Kobieta      0
Mężczyzna    1
NaN         -1
dtype: int64}]))),
                ('onehot_encoding',
                 TransformerWrapper(include=['age', 'edu_level', 'fav_animals',
                                             'fav_place'],
                                    transformer=OneHotEncoder(cols=['age',
                                                                    'edu_level',
                                                                    'fav_animals',
                                                                    'fav_place'],
                                                              handle_missing='return_nan',
                                                              use_cat_names=True))),
                ('trained_model', KMeans(random_state=100))]), ml_usecase=None)
2025-10-08 14:02:34,774:INFO:Set up data.
